<?xml version="1.0" encoding="UTF-8"?>
<!-- Generated by org.testng.reporters.JUnitXMLReporter -->
<testsuite ignored="0" hostname="LAPTOP-POCHI3TQ" failures="0" tests="6" name="Ecommerce Test" time="13.036" errors="0" timestamp="2023-09-14T17:53:14 IST">
  <testcase classname="com.ebay.tests.HomeTest" name="testSignInLink" time="0.086"/>
  <testcase classname="com.ebay.tests.HomeTest" name="testRegisterLink" time="0.033"/>
  <testcase classname="com.ebay.tests.HomeTest" name="testDailyDealsLink" time="0.029"/>
  <testcase classname="com.ebay.tests.HomeTest" name="testHelpAndContactLink" time="0.03"/>
  <testcase classname="com.ebay.tests.HomeTest" name="testSearchBox" time="4.737"/>
  <testcase classname="com.ebay.tests.HomeTest" name="testPageNavigation" time="0.021"/>
</testsuite> <!-- Ecommerce Test -->
