<?xml version="1.0" encoding="UTF-8"?>
<!-- Generated by org.testng.reporters.JUnitXMLReporter -->
<testsuite ignored="0" hostname="LAPTOP-POCHI3TQ" failures="0" tests="6" name="Ecommerce Test" time="19.742" errors="0" timestamp="2023-09-20T17:00:39 IST">
  <testcase classname="com.ebay.tests.Fashion_FootwareTest" name="testElectronics" time="3.631"/>
  <testcase classname="com.ebay.tests.Fashion_FootwareTest" name="testShoePage" time="0.013"/>
  <testcase classname="com.ebay.tests.Fashion_FootwareTest" name="testWomenBoot" time="2.87"/>
  <testcase classname="com.ebay.tests.Fashion_FootwareTest" name="testWomenBootColor" time="2.395"/>
  <testcase classname="com.ebay.tests.Fashion_FootwareTest" name="testWomenBlackBootSize" time="3.62"/>
  <testcase classname="com.ebay.tests.Fashion_FootwareTest" name="testClickOnCostlyItem" time="0.222"/>
</testsuite> <!-- Ecommerce Test -->
